<testsuites id="" name="" tests="300" failures="14" skipped="0" errors="0" time="226.30188">
<testsuite name="auth.spec.js" timestamp="2025-09-15T13:03:47.885Z" hostname="chromium" tests="17" failures="2" skipped="0" time="74.703" errors="0">
<testcase name="Authentication › Login Flow › should display login form on initial load @smoke" classname="auth.spec.js" time="1.818">
</testcase>
<testcase name="Authentication › Login Flow › should successfully login with valid credentials @smoke" classname="auth.spec.js" time="2.801">
</testcase>
<testcase name="Authentication › Login Flow › should show error message with invalid credentials" classname="auth.spec.js" time="7.143">
<system-out>
<![CDATA[Expecting auth error message: [1mnull[22m for form: login
]]>
</system-out>
</testcase>
<testcase name="Authentication › Login Flow › should validate required fields" classname="auth.spec.js" time="1.852">
</testcase>
<testcase name="Authentication › Login Flow › should handle keyboard navigation" classname="auth.spec.js" time="3.989">
</testcase>
<testcase name="Authentication › Registration Flow › should toggle to registration form" classname="auth.spec.js" time="1.959">
</testcase>
<testcase name="Authentication › Registration Flow › should toggle back to login form" classname="auth.spec.js" time="2.165">
</testcase>
<testcase name="Authentication › Registration Flow › should register new user successfully" classname="auth.spec.js" time="13.213">
<failure message="auth.spec.js:124:9 should register new user successfully" type="FAILURE">
<![CDATA[  [chromium] › auth.spec.js:124:9 › Authentication › Registration Flow › should register new user successfully 

    TimeoutError: page.waitForResponse: Timeout 10000ms exceeded while waiting for event "response"

       at ../utils/auth-helper.js:118

      116 |    */
      117 |   async submitRegistration() {
    > 118 |     const responsePromise = this.page.waitForResponse(
          |                                       ^
      119 |       response => response.url().includes('/api/v1/users/register')
      120 |     );
      121 |     await this.page.click('#register-btn');
        at AuthHelper.submitRegistration (/home/snarky404/githubRepos/PIM_project/e2e/utils/auth-helper.js:118:39)
        at AuthHelper.register (/home/snarky404/githubRepos/PIM_project/e2e/utils/auth-helper.js:132:23)
        at /home/snarky404/githubRepos/PIM_project/e2e/tests/auth.spec.js:127:24

    attachment #1: screenshot (image/png) ──────────────────────────────────────────────────────────
    ../test-results/auth-Authentication-Regist-649b6-ister-new-user-successfully-chromium/test-failed-1.png
    ────────────────────────────────────────────────────────────────────────────────────────────────

    attachment #2: video (video/webm) ──────────────────────────────────────────────────────────────
    ../test-results/auth-Authentication-Regist-649b6-ister-new-user-successfully-chromium/video.webm
    ────────────────────────────────────────────────────────────────────────────────────────────────

    Error Context: ../test-results/auth-Authentication-Regist-649b6-ister-new-user-successfully-chromium/error-context.md
]]>
</failure>
<system-out>
<![CDATA[
[[ATTACHMENT|test-results/auth-Authentication-Regist-649b6-ister-new-user-successfully-chromium/test-failed-1.png]]

[[ATTACHMENT|test-results/auth-Authentication-Regist-649b6-ister-new-user-successfully-chromium/video.webm]]

[[ATTACHMENT|test-results/auth-Authentication-Regist-649b6-ister-new-user-successfully-chromium/error-context.md]]
]]>
</system-out>
</testcase>
<testcase name="Authentication › Registration Flow › should prevent registration with existing username" classname="auth.spec.js" time="13.055">
<failure message="auth.spec.js:138:9 should prevent registration with existing username" type="FAILURE">
<![CDATA[  [chromium] › auth.spec.js:138:9 › Authentication › Registration Flow › should prevent registration with existing username 

    TimeoutError: page.waitForResponse: Timeout 10000ms exceeded while waiting for event "response"

       at ../utils/auth-helper.js:118

      116 |    */
      117 |   async submitRegistration() {
    > 118 |     const responsePromise = this.page.waitForResponse(
          |                                       ^
      119 |       response => response.url().includes('/api/v1/users/register')
      120 |     );
      121 |     await this.page.click('#register-btn');
        at AuthHelper.submitRegistration (/home/snarky404/githubRepos/PIM_project/e2e/utils/auth-helper.js:118:39)
        at AuthHelper.register (/home/snarky404/githubRepos/PIM_project/e2e/utils/auth-helper.js:132:23)
        at /home/snarky404/githubRepos/PIM_project/e2e/tests/auth.spec.js:140:24

    attachment #1: screenshot (image/png) ──────────────────────────────────────────────────────────
    ../test-results/auth-Authentication-Regist-62783-tion-with-existing-username-chromium/test-failed-1.png
    ────────────────────────────────────────────────────────────────────────────────────────────────

    attachment #2: video (video/webm) ──────────────────────────────────────────────────────────────
    ../test-results/auth-Authentication-Regist-62783-tion-with-existing-username-chromium/video.webm
    ────────────────────────────────────────────────────────────────────────────────────────────────

    Error Context: ../test-results/auth-Authentication-Regist-62783-tion-with-existing-username-chromium/error-context.md
]]>
</failure>
<system-out>
<![CDATA[
[[ATTACHMENT|test-results/auth-Authentication-Regist-62783-tion-with-existing-username-chromium/test-failed-1.png]]

[[ATTACHMENT|test-results/auth-Authentication-Regist-62783-tion-with-existing-username-chromium/video.webm]]

[[ATTACHMENT|test-results/auth-Authentication-Regist-62783-tion-with-existing-username-chromium/error-context.md]]
]]>
</system-out>
</testcase>
<testcase name="Authentication › Registration Flow › should validate password requirements" classname="auth.spec.js" time="4.945">
</testcase>
<testcase name="Authentication › Session Management › should maintain session across page refreshes" classname="auth.spec.js" time="2.939">
</testcase>
<testcase name="Authentication › Session Management › should redirect unauthenticated users to login" classname="auth.spec.js" time="1.583">
</testcase>
<testcase name="Authentication › Session Management › should logout successfully" classname="auth.spec.js" time="4.57">
<system-out>
<![CDATA[Looking for logout button...
Found 1 logout buttons
Logout button is visible, clicking...
Attempting to call AuthManager.logout() directly...
Console messages: [
  [32m'AuthManager.logout found, calling it...'[39m,
  [32m'AuthManager.logout() called - clearing authentication...'[39m,
  [32m'Current token before logout: 2d5e3c273269fd37d4beb68e74a85021f625dd1944f7cbf33a6c0ea95213b26b'[39m,
  [32m'Current user before logout: null'[39m,
  [32m'Token after clearing: null'[39m,
  [32m'User after clearing: null'[39m,
  [32m'Authentication cleared, redirecting to login page...'[39m,
  [32m'Loaded module: /static/js/modules/security.js (1/9)'[39m,
  [32m'Loaded module: /static/js/modules/auth.js (2/9)'[39m,
  [32m'API baseUrl set to: http://localhost:8000/api/v1'[39m,
  [32m'Loaded module: /static/js/modules/api.js (3/9)'[39m,
  [32m'Loaded module: /static/js/modules/markdown.js (4/9)'[39m,
  [32m'DOM loaded, checking for login page elements...'[39m,
  [32m'Current pathname: /static/html/index.html'[39m,
  [32m'login-box element: JSHandle@node'[39m,
  [32m'register-box element: JSHandle@node'[39m,
  [32m'Initializing AuthController on login page'[39m,
  [32m'AuthController constructor called'[39m,
  [32m'Setting up event listeners'[39m,
  [32m'Show register element: JSHandle@node'[39m,
  [32m'Show login element: JSHandle@node'[39m,
  [32m'Login button: JSHandle@node'[39m,
  [32m'Register button: JSHandle@node'[39m,
  [32m'Setting up login button click handler'[39m,
  [32m'Loaded module: /static/js/modules/auth-controller.js (5/9)'[39m,
  [32m'Dashboard module loaded - starting execution'[39m,
  [32m'Loaded module: /static/js/modules/dashboard.js (6/9)'[39m,
  [32m'Loaded module: /static/js/modules/edit-controller.js (7/9)'[39m,
  [32m'Loaded module: /static/js/modules/view-controller.js (8/9)'[39m,
  [32m'Auth page initialized'[39m,
  [32m'PIM System v2.0.0 initialized successfully'[39m,
  [32m'Loaded module: /static/js/app-modular.js (9/9)'[39m,
  [32m'All modules loaded successfully!'[39m
]
After logout, current URL: http://localhost:8000/static/html/index.html
]]>
</system-out>
</testcase>
<testcase name="Authentication › Security Tests › should prevent XSS in login form" classname="auth.spec.js" time="3.409">
</testcase>
<testcase name="Authentication › Security Tests › should handle SQL injection attempts safely" classname="auth.spec.js" time="6.804">
</testcase>
<testcase name="Authentication › Accessibility › should be keyboard accessible @a11y" classname="auth.spec.js" time="1.323">
</testcase>
<testcase name="Authentication › Accessibility › should have proper ARIA labels and roles @a11y" classname="auth.spec.js" time="1.135">
</testcase>
</testsuite>
<testsuite name="crud.spec.js" timestamp="2025-09-15T13:03:47.885Z" hostname="chromium" tests="16" failures="0" skipped="0" time="98.143" errors="0">
<testcase name="CRUD Operations › Create Operations › should create a new note @smoke" classname="crud.spec.js" time="4.76">
<system-out>
<![CDATA[Note saved via API
]]>
</system-out>
</testcase>
<testcase name="CRUD Operations › Create Operations › should validate required fields when creating note" classname="crud.spec.js" time="3.37">
</testcase>
<testcase name="CRUD Operations › Create Operations › should create notes in different PARA categories" classname="crud.spec.js" time="12.622">
</testcase>
<testcase name="CRUD Operations › Read Operations › should view note details @smoke" classname="crud.spec.js" time="2.141">
</testcase>
<testcase name="CRUD Operations › Read Operations › should display notes list with proper information" classname="crud.spec.js" time="2.931">
</testcase>
<testcase name="CRUD Operations › Read Operations › should search and filter notes" classname="crud.spec.js" time="3.803">
</testcase>
<testcase name="CRUD Operations › Update Operations › should edit existing note" classname="crud.spec.js" time="8.921">
</testcase>
<testcase name="CRUD Operations › Update Operations › should handle concurrent edit scenarios" classname="crud.spec.js" time="6.804">
</testcase>
<testcase name="CRUD Operations › Delete Operations › should delete a note with confirmation" classname="crud.spec.js" time="3.348">
<system-out>
<![CDATA[No delete buttons found, testing delete functionality not available
]]>
</system-out>
</testcase>
<testcase name="CRUD Operations › Delete Operations › should prevent accidental deletion" classname="crud.spec.js" time="4.435">
</testcase>
<testcase name="CRUD Operations › Delete Operations › should handle bulk delete operations" classname="crud.spec.js" time="6.976">
</testcase>
<testcase name="CRUD Operations › Data Validation and Error Handling › should validate note title length" classname="crud.spec.js" time="7.702">
</testcase>
<testcase name="CRUD Operations › Data Validation and Error Handling › should handle special characters in content" classname="crud.spec.js" time="7.89">
</testcase>
<testcase name="CRUD Operations › Data Validation and Error Handling › should handle network errors gracefully" classname="crud.spec.js" time="10.446">
</testcase>
<testcase name="CRUD Operations › Performance and Scalability › should handle large content efficiently" classname="crud.spec.js" time="5.89">
</testcase>
<testcase name="CRUD Operations › Performance and Scalability › should maintain performance with many notes" classname="crud.spec.js" time="6.104">
</testcase>
</testsuite>
<testsuite name="dashboard.spec.js" timestamp="2025-09-15T13:03:47.885Z" hostname="chromium" tests="17" failures="0" skipped="0" time="110.447" errors="0">
<testcase name="Dashboard and Navigation › Dashboard Layout and Elements › should display dashboard with all key elements @smoke" classname="dashboard.spec.js" time="6.68">
</testcase>
<testcase name="Dashboard and Navigation › Dashboard Layout and Elements › should display PARA categories" classname="dashboard.spec.js" time="6.42">
</testcase>
<testcase name="Dashboard and Navigation › Dashboard Layout and Elements › should be responsive on different screen sizes" classname="dashboard.spec.js" time="4.934">
</testcase>
<testcase name="Dashboard and Navigation › Navigation Between Pages › should navigate to edit page @smoke" classname="dashboard.spec.js" time="4.866">
</testcase>
<testcase name="Dashboard and Navigation › Navigation Between Pages › should navigate to view page" classname="dashboard.spec.js" time="4.522">
</testcase>
<testcase name="Dashboard and Navigation › Navigation Between Pages › should maintain authentication across page navigation" classname="dashboard.spec.js" time="8.141">
</testcase>
<testcase name="Dashboard and Navigation › Navigation Between Pages › should handle browser back/forward navigation" classname="dashboard.spec.js" time="6.636">
</testcase>
<testcase name="Dashboard and Navigation › Search and Filter Functionality › should search for notes if search functionality exists" classname="dashboard.spec.js" time="6.713">
</testcase>
<testcase name="Dashboard and Navigation › Search and Filter Functionality › should filter by PARA categories if filter exists" classname="dashboard.spec.js" time="5.707">
</testcase>
<testcase name="Dashboard and Navigation › Notes/Items Display › should display existing notes if any exist" classname="dashboard.spec.js" time="6.302">
</testcase>
<testcase name="Dashboard and Navigation › Notes/Items Display › should handle empty state gracefully" classname="dashboard.spec.js" time="6.062">
</testcase>
<testcase name="Dashboard and Navigation › Notes/Items Display › should interact with note items if they exist" classname="dashboard.spec.js" time="6.639">
</testcase>
<testcase name="Dashboard and Navigation › User Experience Features › should show loading states appropriately" classname="dashboard.spec.js" time="8.38">
</testcase>
<testcase name="Dashboard and Navigation › User Experience Features › should handle errors gracefully" classname="dashboard.spec.js" time="11.769">
</testcase>
<testcase name="Dashboard and Navigation › User Experience Features › should be accessible with keyboard navigation @a11y" classname="dashboard.spec.js" time="5.521">
</testcase>
<testcase name="Dashboard and Navigation › Performance › should load dashboard within acceptable time @performance" classname="dashboard.spec.js" time="6.108">
<system-out>
<![CDATA[Dashboard loaded in 1259ms
]]>
</system-out>
</testcase>
<testcase name="Dashboard and Navigation › Performance › should handle large datasets gracefully" classname="dashboard.spec.js" time="5.047">
<system-out>
<![CDATA[Performance metrics: {
  memory: { usedJSHeapSize: [33m10000000[39m, totalJSHeapSize: [33m10000000[39m },
  timing: {
    connectStart: [33m1757941456441[39m,
    secureConnectionStart: [33m0[39m,
    unloadEventEnd: [33m1757941456461[39m,
    domainLookupStart: [33m1757941456441[39m,
    domainLookupEnd: [33m1757941456441[39m,
    responseStart: [33m1757941456455[39m,
    connectEnd: [33m1757941456441[39m,
    responseEnd: [33m1757941456495[39m,
    requestStart: [33m1757941456444[39m,
    domLoading: [33m1757941456462[39m,
    redirectStart: [33m0[39m,
    loadEventEnd: [33m1757941456616[39m,
    domComplete: [33m1757941456616[39m,
    navigationStart: [33m1757941456440[39m,
    loadEventStart: [33m1757941456616[39m,
    domContentLoadedEventEnd: [33m1757941456508[39m,
    unloadEventStart: [33m1757941456461[39m,
    redirectEnd: [33m0[39m,
    domInteractive: [33m1757941456506[39m,
    fetchStart: [33m1757941456441[39m,
    domContentLoadedEventStart: [33m1757941456506[39m
  }
}
]]>
</system-out>
</testcase>
</testsuite>
<testsuite name="auth.spec.js" timestamp="2025-09-15T13:03:47.885Z" hostname="firefox" tests="17" failures="2" skipped="0" time="139.149" errors="0">
<testcase name="Authentication › Login Flow › should display login form on initial load @smoke" classname="auth.spec.js" time="4.782">
</testcase>
<testcase name="Authentication › Login Flow › should successfully login with valid credentials @smoke" classname="auth.spec.js" time="6.51">
</testcase>
<testcase name="Authentication › Login Flow › should show error message with invalid credentials" classname="auth.spec.js" time="9.58">
<system-out>
<![CDATA[Expecting auth error message: [1mnull[22m for form: login
]]>
</system-out>
</testcase>
<testcase name="Authentication › Login Flow › should validate required fields" classname="auth.spec.js" time="6.433">
</testcase>
<testcase name="Authentication › Login Flow › should handle keyboard navigation" classname="auth.spec.js" time="10.047">
</testcase>
<testcase name="Authentication › Registration Flow › should toggle to registration form" classname="auth.spec.js" time="6.094">
</testcase>
<testcase name="Authentication › Registration Flow › should toggle back to login form" classname="auth.spec.js" time="8.746">
</testcase>
<testcase name="Authentication › Registration Flow › should register new user successfully" classname="auth.spec.js" time="18.09">
<failure message="auth.spec.js:124:9 should register new user successfully" type="FAILURE">
<![CDATA[  [firefox] › auth.spec.js:124:9 › Authentication › Registration Flow › should register new user successfully 

    TimeoutError: page.waitForResponse: Timeout 10000ms exceeded while waiting for event "response"

       at ../utils/auth-helper.js:118

      116 |    */
      117 |   async submitRegistration() {
    > 118 |     const responsePromise = this.page.waitForResponse(
          |                                       ^
      119 |       response => response.url().includes('/api/v1/users/register')
      120 |     );
      121 |     await this.page.click('#register-btn');
        at AuthHelper.submitRegistration (/home/snarky404/githubRepos/PIM_project/e2e/utils/auth-helper.js:118:39)
        at AuthHelper.register (/home/snarky404/githubRepos/PIM_project/e2e/utils/auth-helper.js:132:23)
        at /home/snarky404/githubRepos/PIM_project/e2e/tests/auth.spec.js:127:24

    attachment #1: screenshot (image/png) ──────────────────────────────────────────────────────────
    ../test-results/auth-Authentication-Regist-649b6-ister-new-user-successfully-firefox/test-failed-1.png
    ────────────────────────────────────────────────────────────────────────────────────────────────

    attachment #2: video (video/webm) ──────────────────────────────────────────────────────────────
    ../test-results/auth-Authentication-Regist-649b6-ister-new-user-successfully-firefox/video.webm
    ────────────────────────────────────────────────────────────────────────────────────────────────

    Error Context: ../test-results/auth-Authentication-Regist-649b6-ister-new-user-successfully-firefox/error-context.md
]]>
</failure>
<system-out>
<![CDATA[
[[ATTACHMENT|test-results/auth-Authentication-Regist-649b6-ister-new-user-successfully-firefox/test-failed-1.png]]

[[ATTACHMENT|test-results/auth-Authentication-Regist-649b6-ister-new-user-successfully-firefox/video.webm]]

[[ATTACHMENT|test-results/auth-Authentication-Regist-649b6-ister-new-user-successfully-firefox/error-context.md]]
]]>
</system-out>
</testcase>
<testcase name="Authentication › Registration Flow › should prevent registration with existing username" classname="auth.spec.js" time="17.895">
<failure message="auth.spec.js:138:9 should prevent registration with existing username" type="FAILURE">
<![CDATA[  [firefox] › auth.spec.js:138:9 › Authentication › Registration Flow › should prevent registration with existing username 

    TimeoutError: page.waitForResponse: Timeout 10000ms exceeded while waiting for event "response"

       at ../utils/auth-helper.js:118

      116 |    */
      117 |   async submitRegistration() {
    > 118 |     const responsePromise = this.page.waitForResponse(
          |                                       ^
      119 |       response => response.url().includes('/api/v1/users/register')
      120 |     );
      121 |     await this.page.click('#register-btn');
        at AuthHelper.submitRegistration (/home/snarky404/githubRepos/PIM_project/e2e/utils/auth-helper.js:118:39)
        at AuthHelper.register (/home/snarky404/githubRepos/PIM_project/e2e/utils/auth-helper.js:132:23)
        at /home/snarky404/githubRepos/PIM_project/e2e/tests/auth.spec.js:140:24

    attachment #1: screenshot (image/png) ──────────────────────────────────────────────────────────
    ../test-results/auth-Authentication-Regist-62783-tion-with-existing-username-firefox/test-failed-1.png
    ────────────────────────────────────────────────────────────────────────────────────────────────

    attachment #2: video (video/webm) ──────────────────────────────────────────────────────────────
    ../test-results/auth-Authentication-Regist-62783-tion-with-existing-username-firefox/video.webm
    ────────────────────────────────────────────────────────────────────────────────────────────────

    Error Context: ../test-results/auth-Authentication-Regist-62783-tion-with-existing-username-firefox/error-context.md
]]>
</failure>
<system-out>
<![CDATA[
[[ATTACHMENT|test-results/auth-Authentication-Regist-62783-tion-with-existing-username-firefox/test-failed-1.png]]

[[ATTACHMENT|test-results/auth-Authentication-Regist-62783-tion-with-existing-username-firefox/video.webm]]

[[ATTACHMENT|test-results/auth-Authentication-Regist-62783-tion-with-existing-username-firefox/error-context.md]]
]]>
</system-out>
</testcase>
<testcase name="Authentication › Registration Flow › should validate password requirements" classname="auth.spec.js" time="10.122">
</testcase>
<testcase name="Authentication › Session Management › should maintain session across page refreshes" classname="auth.spec.js" time="8.722">
</testcase>
<testcase name="Authentication › Session Management › should redirect unauthenticated users to login" classname="auth.spec.js" time="3.678">
</testcase>
<testcase name="Authentication › Session Management › should logout successfully" classname="auth.spec.js" time="7.409">
<system-out>
<![CDATA[Looking for logout button...
Found 1 logout buttons
Logout button is visible, clicking...
Attempting to call AuthManager.logout() directly...
Console messages: [
  [32m'AuthManager.logout found, calling it...'[39m,
  [32m'AuthManager.logout() called - clearing authentication...'[39m,
  [32m'Current token before logout: eef1fc9dd423185e830aa47c1fc6f4d6dc4706e65acc9e07eb74e46f3b515517'[39m,
  [32m'Current user before logout: null'[39m,
  [32m'Token after clearing: null'[39m,
  [32m'User after clearing: null'[39m,
  [32m'Authentication cleared, redirecting to login page...'[39m,
  [32m'Loaded module: /static/js/modules/security.js (1/9)'[39m,
  [32m'Loaded module: /static/js/modules/auth.js (2/9)'[39m,
  [32m'API baseUrl set to: http://localhost:8000/api/v1'[39m,
  [32m'Loaded module: /static/js/modules/api.js (3/9)'[39m,
  [32m'Loaded module: /static/js/modules/markdown.js (4/9)'[39m,
  [32m'DOM loaded, checking for login page elements...'[39m,
  [32m'Current pathname: /static/html/index.html'[39m,
  [32m'login-box element: JSHandle@node'[39m,
  [32m'register-box element: JSHandle@node'[39m,
  [32m'Initializing AuthController on login page'[39m,
  [32m'AuthController constructor called'[39m,
  [32m'Setting up event listeners'[39m,
  [32m'Show register element: JSHandle@node'[39m,
  [32m'Show login element: JSHandle@node'[39m,
  [32m'Login button: JSHandle@node'[39m,
  [32m'Register button: JSHandle@node'[39m,
  [32m'Setting up login button click handler'[39m,
  [32m'Loaded module: /static/js/modules/auth-controller.js (5/9)'[39m,
  [32m'Dashboard module loaded - starting execution'[39m,
  [32m'Loaded module: /static/js/modules/dashboard.js (6/9)'[39m,
  [32m'Loaded module: /static/js/modules/edit-controller.js (7/9)'[39m,
  [32m'Loaded module: /static/js/modules/view-controller.js (8/9)'[39m,
  [32m'Auth page initialized'[39m,
  [32m'PIM System v2.0.0 initialized successfully'[39m,
  [32m'Loaded module: /static/js/app-modular.js (9/9)'[39m,
  [32m'All modules loaded successfully!'[39m
]
After logout, current URL: http://localhost:8000/static/html/index.html
]]>
</system-out>
</testcase>
<testcase name="Authentication › Security Tests › should prevent XSS in login form" classname="auth.spec.js" time="5.219">
</testcase>
<testcase name="Authentication › Security Tests › should handle SQL injection attempts safely" classname="auth.spec.js" time="7.908">
</testcase>
<testcase name="Authentication › Accessibility › should be keyboard accessible @a11y" classname="auth.spec.js" time="4.136">
</testcase>
<testcase name="Authentication › Accessibility › should have proper ARIA labels and roles @a11y" classname="auth.spec.js" time="3.778">
</testcase>
</testsuite>
<testsuite name="crud.spec.js" timestamp="2025-09-15T13:03:47.885Z" hostname="firefox" tests="16" failures="1" skipped="0" time="150.937" errors="0">
<testcase name="CRUD Operations › Create Operations › should create a new note @smoke" classname="crud.spec.js" time="8.679">
<system-out>
<![CDATA[Note saved via API
]]>
</system-out>
</testcase>
<testcase name="CRUD Operations › Create Operations › should validate required fields when creating note" classname="crud.spec.js" time="8.498">
</testcase>
<testcase name="CRUD Operations › Create Operations › should create notes in different PARA categories" classname="crud.spec.js" time="18.455">
</testcase>
<testcase name="CRUD Operations › Read Operations › should view note details @smoke" classname="crud.spec.js" time="6.249">
</testcase>
<testcase name="CRUD Operations › Read Operations › should display notes list with proper information" classname="crud.spec.js" time="7.929">
</testcase>
<testcase name="CRUD Operations › Read Operations › should search and filter notes" classname="crud.spec.js" time="9.118">
</testcase>
<testcase name="CRUD Operations › Update Operations › should edit existing note" classname="crud.spec.js" time="12.153">
</testcase>
<testcase name="CRUD Operations › Update Operations › should handle concurrent edit scenarios" classname="crud.spec.js" time="9.109">
</testcase>
<testcase name="CRUD Operations › Delete Operations › should delete a note with confirmation" classname="crud.spec.js" time="9.359">
</testcase>
<testcase name="CRUD Operations › Delete Operations › should prevent accidental deletion" classname="crud.spec.js" time="12.887">
<failure message="crud.spec.js:412:9 should prevent accidental deletion" type="FAILURE">
<![CDATA[  [firefox] › crud.spec.js:412:9 › CRUD Operations › Delete Operations › should prevent accidental deletion 

    Error: expect(locator).toBeVisible() failed

    Locator:  locator('.delete-btn, .btn-danger, button:has-text("Delete")').first()
    Expected: visible
    Received: <element(s) not found>
    Timeout:  5000ms

    Call log:
      - Expect "toBeVisible" with timeout 5000ms
      - waiting for locator('.delete-btn, .btn-danger, button:has-text("Delete")').first()


      427 |         
      428 |         // Item should still exist (deletion was cancelled)
    > 429 |         await expect(deleteButton).toBeVisible();
          |                                    ^
      430 |       }
      431 |     });
      432 |
        at /home/snarky404/githubRepos/PIM_project/e2e/tests/crud.spec.js:429:36

    attachment #1: screenshot (image/png) ──────────────────────────────────────────────────────────
    ../test-results/crud-CRUD-Operations-Delet-bc98c-prevent-accidental-deletion-firefox/test-failed-1.png
    ────────────────────────────────────────────────────────────────────────────────────────────────

    attachment #2: video (video/webm) ──────────────────────────────────────────────────────────────
    ../test-results/crud-CRUD-Operations-Delet-bc98c-prevent-accidental-deletion-firefox/video.webm
    ────────────────────────────────────────────────────────────────────────────────────────────────

    Error Context: ../test-results/crud-CRUD-Operations-Delet-bc98c-prevent-accidental-deletion-firefox/error-context.md
]]>
</failure>
<system-out>
<![CDATA[
[[ATTACHMENT|test-results/crud-CRUD-Operations-Delet-bc98c-prevent-accidental-deletion-firefox/test-failed-1.png]]

[[ATTACHMENT|test-results/crud-CRUD-Operations-Delet-bc98c-prevent-accidental-deletion-firefox/video.webm]]

[[ATTACHMENT|test-results/crud-CRUD-Operations-Delet-bc98c-prevent-accidental-deletion-firefox/error-context.md]]
]]>
</system-out>
</testcase>
<testcase name="CRUD Operations › Delete Operations › should handle bulk delete operations" classname="crud.spec.js" time="5.239">
</testcase>
<testcase name="CRUD Operations › Data Validation and Error Handling › should validate note title length" classname="crud.spec.js" time="7.964">
</testcase>
<testcase name="CRUD Operations › Data Validation and Error Handling › should handle special characters in content" classname="crud.spec.js" time="8.733">
</testcase>
<testcase name="CRUD Operations › Data Validation and Error Handling › should handle network errors gracefully" classname="crud.spec.js" time="10.989">
</testcase>
<testcase name="CRUD Operations › Performance and Scalability › should handle large content efficiently" classname="crud.spec.js" time="10.816">
</testcase>
<testcase name="CRUD Operations › Performance and Scalability › should maintain performance with many notes" classname="crud.spec.js" time="4.76">
</testcase>
</testsuite>
<testsuite name="dashboard.spec.js" timestamp="2025-09-15T13:03:47.885Z" hostname="firefox" tests="17" failures="0" skipped="0" time="132.188" errors="0">
<testcase name="Dashboard and Navigation › Dashboard Layout and Elements › should display dashboard with all key elements @smoke" classname="dashboard.spec.js" time="10.985">
</testcase>
<testcase name="Dashboard and Navigation › Dashboard Layout and Elements › should display PARA categories" classname="dashboard.spec.js" time="6.052">
</testcase>
<testcase name="Dashboard and Navigation › Dashboard Layout and Elements › should be responsive on different screen sizes" classname="dashboard.spec.js" time="5.757">
</testcase>
<testcase name="Dashboard and Navigation › Navigation Between Pages › should navigate to edit page @smoke" classname="dashboard.spec.js" time="5.908">
</testcase>
<testcase name="Dashboard and Navigation › Navigation Between Pages › should navigate to view page" classname="dashboard.spec.js" time="6.975">
</testcase>
<testcase name="Dashboard and Navigation › Navigation Between Pages › should maintain authentication across page navigation" classname="dashboard.spec.js" time="9.175">
</testcase>
<testcase name="Dashboard and Navigation › Navigation Between Pages › should handle browser back/forward navigation" classname="dashboard.spec.js" time="7.241">
</testcase>
<testcase name="Dashboard and Navigation › Search and Filter Functionality › should search for notes if search functionality exists" classname="dashboard.spec.js" time="8.939">
</testcase>
<testcase name="Dashboard and Navigation › Search and Filter Functionality › should filter by PARA categories if filter exists" classname="dashboard.spec.js" time="6.588">
</testcase>
<testcase name="Dashboard and Navigation › Notes/Items Display › should display existing notes if any exist" classname="dashboard.spec.js" time="6.093">
</testcase>
<testcase name="Dashboard and Navigation › Notes/Items Display › should handle empty state gracefully" classname="dashboard.spec.js" time="7.302">
</testcase>
<testcase name="Dashboard and Navigation › Notes/Items Display › should interact with note items if they exist" classname="dashboard.spec.js" time="6.652">
</testcase>
<testcase name="Dashboard and Navigation › User Experience Features › should show loading states appropriately" classname="dashboard.spec.js" time="9.568">
</testcase>
<testcase name="Dashboard and Navigation › User Experience Features › should handle errors gracefully" classname="dashboard.spec.js" time="12.912">
</testcase>
<testcase name="Dashboard and Navigation › User Experience Features › should be accessible with keyboard navigation @a11y" classname="dashboard.spec.js" time="6.99">
</testcase>
<testcase name="Dashboard and Navigation › Performance › should load dashboard within acceptable time @performance" classname="dashboard.spec.js" time="8.173">
<system-out>
<![CDATA[Dashboard loaded in 2541ms
]]>
</system-out>
</testcase>
<testcase name="Dashboard and Navigation › Performance › should handle large datasets gracefully" classname="dashboard.spec.js" time="6.878">
<system-out>
<![CDATA[Performance metrics: {
  memory: [1mnull[22m,
  timing: {
    navigationStart: [33m1757941502932[39m,
    unloadEventStart: [33m1757941503917[39m,
    unloadEventEnd: [33m1757941503918[39m,
    redirectStart: [33m0[39m,
    redirectEnd: [33m0[39m,
    fetchStart: [33m1757941502942[39m,
    domainLookupStart: [33m1757941502942[39m,
    domainLookupEnd: [33m1757941502942[39m,
    connectStart: [33m1757941502942[39m,
    connectEnd: [33m1757941502942[39m,
    secureConnectionStart: [33m0[39m,
    requestStart: [33m1757941502969[39m,
    responseStart: [33m1757941503878[39m,
    responseEnd: [33m1757941503897[39m,
    domLoading: [33m1757941503917[39m,
    domInteractive: [33m1757941504067[39m,
    domContentLoadedEventStart: [33m1757941504093[39m,
    domContentLoadedEventEnd: [33m1757941504098[39m,
    domComplete: [33m0[39m,
    loadEventStart: [33m0[39m,
    loadEventEnd: [33m0[39m
  }
}
]]>
</system-out>
</testcase>
</testsuite>
<testsuite name="auth.spec.js" timestamp="2025-09-15T13:03:47.885Z" hostname="webkit" tests="17" failures="2" skipped="0" time="128.034" errors="0">
<testcase name="Authentication › Login Flow › should display login form on initial load @smoke" classname="auth.spec.js" time="5">
</testcase>
<testcase name="Authentication › Login Flow › should successfully login with valid credentials @smoke" classname="auth.spec.js" time="6.895">
</testcase>
<testcase name="Authentication › Login Flow › should show error message with invalid credentials" classname="auth.spec.js" time="8.568">
<system-out>
<![CDATA[Expecting auth error message: [1mnull[22m for form: login
]]>
</system-out>
</testcase>
<testcase name="Authentication › Login Flow › should validate required fields" classname="auth.spec.js" time="4.498">
</testcase>
<testcase name="Authentication › Login Flow › should handle keyboard navigation" classname="auth.spec.js" time="8.667">
</testcase>
<testcase name="Authentication › Registration Flow › should toggle to registration form" classname="auth.spec.js" time="4.773">
</testcase>
<testcase name="Authentication › Registration Flow › should toggle back to login form" classname="auth.spec.js" time="5.349">
</testcase>
<testcase name="Authentication › Registration Flow › should register new user successfully" classname="auth.spec.js" time="17.417">
<failure message="auth.spec.js:124:9 should register new user successfully" type="FAILURE">
<![CDATA[  [webkit] › auth.spec.js:124:9 › Authentication › Registration Flow › should register new user successfully 

    TimeoutError: page.waitForResponse: Timeout 10000ms exceeded while waiting for event "response"

       at ../utils/auth-helper.js:118

      116 |    */
      117 |   async submitRegistration() {
    > 118 |     const responsePromise = this.page.waitForResponse(
          |                                       ^
      119 |       response => response.url().includes('/api/v1/users/register')
      120 |     );
      121 |     await this.page.click('#register-btn');
        at AuthHelper.submitRegistration (/home/snarky404/githubRepos/PIM_project/e2e/utils/auth-helper.js:118:39)
        at AuthHelper.register (/home/snarky404/githubRepos/PIM_project/e2e/utils/auth-helper.js:132:23)
        at /home/snarky404/githubRepos/PIM_project/e2e/tests/auth.spec.js:127:24

    attachment #1: screenshot (image/png) ──────────────────────────────────────────────────────────
    ../test-results/auth-Authentication-Regist-649b6-ister-new-user-successfully-webkit/test-failed-1.png
    ────────────────────────────────────────────────────────────────────────────────────────────────

    attachment #2: video (video/webm) ──────────────────────────────────────────────────────────────
    ../test-results/auth-Authentication-Regist-649b6-ister-new-user-successfully-webkit/video.webm
    ────────────────────────────────────────────────────────────────────────────────────────────────

    Error Context: ../test-results/auth-Authentication-Regist-649b6-ister-new-user-successfully-webkit/error-context.md
]]>
</failure>
<system-out>
<![CDATA[
[[ATTACHMENT|test-results/auth-Authentication-Regist-649b6-ister-new-user-successfully-webkit/test-failed-1.png]]

[[ATTACHMENT|test-results/auth-Authentication-Regist-649b6-ister-new-user-successfully-webkit/video.webm]]

[[ATTACHMENT|test-results/auth-Authentication-Regist-649b6-ister-new-user-successfully-webkit/error-context.md]]
]]>
</system-out>
</testcase>
<testcase name="Authentication › Registration Flow › should prevent registration with existing username" classname="auth.spec.js" time="17.326">
<failure message="auth.spec.js:138:9 should prevent registration with existing username" type="FAILURE">
<![CDATA[  [webkit] › auth.spec.js:138:9 › Authentication › Registration Flow › should prevent registration with existing username 

    TimeoutError: page.waitForResponse: Timeout 10000ms exceeded while waiting for event "response"

       at ../utils/auth-helper.js:118

      116 |    */
      117 |   async submitRegistration() {
    > 118 |     const responsePromise = this.page.waitForResponse(
          |                                       ^
      119 |       response => response.url().includes('/api/v1/users/register')
      120 |     );
      121 |     await this.page.click('#register-btn');
        at AuthHelper.submitRegistration (/home/snarky404/githubRepos/PIM_project/e2e/utils/auth-helper.js:118:39)
        at AuthHelper.register (/home/snarky404/githubRepos/PIM_project/e2e/utils/auth-helper.js:132:23)
        at /home/snarky404/githubRepos/PIM_project/e2e/tests/auth.spec.js:140:24

    attachment #1: screenshot (image/png) ──────────────────────────────────────────────────────────
    ../test-results/auth-Authentication-Regist-62783-tion-with-existing-username-webkit/test-failed-1.png
    ────────────────────────────────────────────────────────────────────────────────────────────────

    attachment #2: video (video/webm) ──────────────────────────────────────────────────────────────
    ../test-results/auth-Authentication-Regist-62783-tion-with-existing-username-webkit/video.webm
    ────────────────────────────────────────────────────────────────────────────────────────────────

    Error Context: ../test-results/auth-Authentication-Regist-62783-tion-with-existing-username-webkit/error-context.md
]]>
</failure>
<system-out>
<![CDATA[
[[ATTACHMENT|test-results/auth-Authentication-Regist-62783-tion-with-existing-username-webkit/test-failed-1.png]]

[[ATTACHMENT|test-results/auth-Authentication-Regist-62783-tion-with-existing-username-webkit/video.webm]]

[[ATTACHMENT|test-results/auth-Authentication-Regist-62783-tion-with-existing-username-webkit/error-context.md]]
]]>
</system-out>
</testcase>
<testcase name="Authentication › Registration Flow › should validate password requirements" classname="auth.spec.js" time="7.778">
</testcase>
<testcase name="Authentication › Session Management › should maintain session across page refreshes" classname="auth.spec.js" time="6.013">
</testcase>
<testcase name="Authentication › Session Management › should redirect unauthenticated users to login" classname="auth.spec.js" time="3.818">
</testcase>
<testcase name="Authentication › Session Management › should logout successfully" classname="auth.spec.js" time="8.298">
<system-out>
<![CDATA[Looking for logout button...
Found 1 logout buttons
Logout button is visible, clicking...
Attempting to call AuthManager.logout() directly...
Console messages: [
  [32m'AuthManager.logout found, calling it...'[39m,
  [32m'AuthManager.logout() called - clearing authentication...'[39m,
  [32m'Current token before logout: 30a97eced87e722a9a8ed0269449048cef19aac1ac8b69940047c01b6f10e67b'[39m,
  [32m'Current user before logout: null'[39m,
  [32m'Token after clearing: null'[39m,
  [32m'User after clearing: null'[39m,
  [32m'Authentication cleared, redirecting to login page...'[39m,
  [32m'Loaded module: /static/js/modules/security.js (1/9)'[39m,
  [32m'Loaded module: /static/js/modules/auth.js (2/9)'[39m,
  [32m'API baseUrl set to: http://localhost:8000/api/v1'[39m,
  [32m'Loaded module: /static/js/modules/api.js (3/9)'[39m,
  [32m'Loaded module: /static/js/modules/markdown.js (4/9)'[39m,
  [32m'DOM loaded, checking for login page elements...'[39m,
  [32m'Current pathname: /static/html/index.html'[39m,
  [32m'login-box element: JSHandle@node'[39m,
  [32m'register-box element: JSHandle@node'[39m,
  [32m'Initializing AuthController on login page'[39m,
  [32m'AuthController constructor called'[39m,
  [32m'Setting up event listeners'[39m,
  [32m'Show register element: JSHandle@node'[39m,
  [32m'Show login element: JSHandle@node'[39m,
  [32m'Login button: JSHandle@node'[39m,
  [32m'Register button: JSHandle@node'[39m,
  [32m'Setting up login button click handler'[39m,
  [32m'Loaded module: /static/js/modules/auth-controller.js (5/9)'[39m,
  [32m'Dashboard module loaded - starting execution'[39m,
  [32m'Loaded module: /static/js/modules/dashboard.js (6/9)'[39m,
  [32m'Loaded module: /static/js/modules/edit-controller.js (7/9)'[39m,
  [32m'Loaded module: /static/js/modules/view-controller.js (8/9)'[39m,
  [32m'Auth page initialized'[39m,
  [32m'PIM System v2.0.0 initialized successfully'[39m,
  [32m'Loaded module: /static/js/app-modular.js (9/9)'[39m,
  [32m'All modules loaded successfully!'[39m
]
After logout, current URL: http://localhost:8000/static/html/index.html
]]>
</system-out>
</testcase>
<testcase name="Authentication › Security Tests › should prevent XSS in login form" classname="auth.spec.js" time="7.389">
</testcase>
<testcase name="Authentication › Security Tests › should handle SQL injection attempts safely" classname="auth.spec.js" time="9.18">
</testcase>
<testcase name="Authentication › Accessibility › should be keyboard accessible @a11y" classname="auth.spec.js" time="3.786">
</testcase>
<testcase name="Authentication › Accessibility › should have proper ARIA labels and roles @a11y" classname="auth.spec.js" time="3.279">
</testcase>
</testsuite>
<testsuite name="crud.spec.js" timestamp="2025-09-15T13:03:47.885Z" hostname="webkit" tests="16" failures="0" skipped="0" time="163.916" errors="0">
<testcase name="CRUD Operations › Create Operations › should create a new note @smoke" classname="crud.spec.js" time="8.905">
<system-out>
<![CDATA[Note saved via API
]]>
</system-out>
</testcase>
<testcase name="CRUD Operations › Create Operations › should validate required fields when creating note" classname="crud.spec.js" time="7.983">
</testcase>
<testcase name="CRUD Operations › Create Operations › should create notes in different PARA categories" classname="crud.spec.js" time="20.179">
</testcase>
<testcase name="CRUD Operations › Read Operations › should view note details @smoke" classname="crud.spec.js" time="7.857">
</testcase>
<testcase name="CRUD Operations › Read Operations › should display notes list with proper information" classname="crud.spec.js" time="7.314">
</testcase>
<testcase name="CRUD Operations › Read Operations › should search and filter notes" classname="crud.spec.js" time="8.813">
</testcase>
<testcase name="CRUD Operations › Update Operations › should edit existing note" classname="crud.spec.js" time="12.566">
</testcase>
<testcase name="CRUD Operations › Update Operations › should handle concurrent edit scenarios" classname="crud.spec.js" time="14.344">
</testcase>
<testcase name="CRUD Operations › Delete Operations › should delete a note with confirmation" classname="crud.spec.js" time="10.022">
<system-out>
<![CDATA[No delete buttons found, testing delete functionality not available
]]>
</system-out>
</testcase>
<testcase name="CRUD Operations › Delete Operations › should prevent accidental deletion" classname="crud.spec.js" time="8.387">
</testcase>
<testcase name="CRUD Operations › Delete Operations › should handle bulk delete operations" classname="crud.spec.js" time="7.441">
</testcase>
<testcase name="CRUD Operations › Data Validation and Error Handling › should validate note title length" classname="crud.spec.js" time="10.806">
</testcase>
<testcase name="CRUD Operations › Data Validation and Error Handling › should handle special characters in content" classname="crud.spec.js" time="11.537">
</testcase>
<testcase name="CRUD Operations › Data Validation and Error Handling › should handle network errors gracefully" classname="crud.spec.js" time="11.341">
</testcase>
<testcase name="CRUD Operations › Performance and Scalability › should handle large content efficiently" classname="crud.spec.js" time="8.27">
</testcase>
<testcase name="CRUD Operations › Performance and Scalability › should maintain performance with many notes" classname="crud.spec.js" time="8.151">
</testcase>
</testsuite>
<testsuite name="dashboard.spec.js" timestamp="2025-09-15T13:03:47.885Z" hostname="webkit" tests="17" failures="0" skipped="0" time="161.695" errors="0">
<testcase name="Dashboard and Navigation › Dashboard Layout and Elements › should display dashboard with all key elements @smoke" classname="dashboard.spec.js" time="8.86">
</testcase>
<testcase name="Dashboard and Navigation › Dashboard Layout and Elements › should display PARA categories" classname="dashboard.spec.js" time="8.611">
</testcase>
<testcase name="Dashboard and Navigation › Dashboard Layout and Elements › should be responsive on different screen sizes" classname="dashboard.spec.js" time="9.225">
</testcase>
<testcase name="Dashboard and Navigation › Navigation Between Pages › should navigate to edit page @smoke" classname="dashboard.spec.js" time="9.135">
</testcase>
<testcase name="Dashboard and Navigation › Navigation Between Pages › should navigate to view page" classname="dashboard.spec.js" time="10.793">
</testcase>
<testcase name="Dashboard and Navigation › Navigation Between Pages › should maintain authentication across page navigation" classname="dashboard.spec.js" time="9.838">
</testcase>
<testcase name="Dashboard and Navigation › Navigation Between Pages › should handle browser back/forward navigation" classname="dashboard.spec.js" time="8.739">
</testcase>
<testcase name="Dashboard and Navigation › Search and Filter Functionality › should search for notes if search functionality exists" classname="dashboard.spec.js" time="7.822">
</testcase>
<testcase name="Dashboard and Navigation › Search and Filter Functionality › should filter by PARA categories if filter exists" classname="dashboard.spec.js" time="5.744">
</testcase>
<testcase name="Dashboard and Navigation › Notes/Items Display › should display existing notes if any exist" classname="dashboard.spec.js" time="10.156">
</testcase>
<testcase name="Dashboard and Navigation › Notes/Items Display › should handle empty state gracefully" classname="dashboard.spec.js" time="10.216">
</testcase>
<testcase name="Dashboard and Navigation › Notes/Items Display › should interact with note items if they exist" classname="dashboard.spec.js" time="10.033">
</testcase>
<testcase name="Dashboard and Navigation › User Experience Features › should show loading states appropriately" classname="dashboard.spec.js" time="11.037">
</testcase>
<testcase name="Dashboard and Navigation › User Experience Features › should handle errors gracefully" classname="dashboard.spec.js" time="14.312">
</testcase>
<testcase name="Dashboard and Navigation › User Experience Features › should be accessible with keyboard navigation @a11y" classname="dashboard.spec.js" time="9.688">
</testcase>
<testcase name="Dashboard and Navigation › Performance › should load dashboard within acceptable time @performance" classname="dashboard.spec.js" time="9.872">
<system-out>
<![CDATA[Dashboard loaded in 1693ms
]]>
</system-out>
</testcase>
<testcase name="Dashboard and Navigation › Performance › should handle large datasets gracefully" classname="dashboard.spec.js" time="7.614">
<system-out>
<![CDATA[Performance metrics: {
  memory: [1mnull[22m,
  timing: {
    navigationStart: [33m1757941550166[39m,
    unloadEventStart: [33m1757941550225[39m,
    unloadEventEnd: [33m1757941550225[39m,
    redirectStart: [33m0[39m,
    redirectEnd: [33m0[39m,
    fetchStart: [33m1757941550168[39m,
    domainLookupStart: [33m1757941550168[39m,
    domainLookupEnd: [33m1757941550168[39m,
    connectStart: [33m1757941550168[39m,
    connectEnd: [33m1757941550168[39m,
    secureConnectionStart: [33m0[39m,
    requestStart: [33m1757941550168[39m,
    responseStart: [33m1757941550175[39m,
    responseEnd: [33m1757941550175[39m,
    domLoading: [33m1757941550235[39m,
    domInteractive: [33m1757941550256[39m,
    domContentLoadedEventStart: [33m1757941550256[39m,
    domContentLoadedEventEnd: [33m1757941550260[39m,
    domComplete: [33m1757941550414[39m,
    loadEventStart: [33m1757941550414[39m,
    loadEventEnd: [33m1757941550415[39m
  }
}
]]>
</system-out>
</testcase>
</testsuite>
<testsuite name="auth.spec.js" timestamp="2025-09-15T13:03:47.885Z" hostname="Mobile Chrome" tests="17" failures="2" skipped="0" time="84.161" errors="0">
<testcase name="Authentication › Login Flow › should display login form on initial load @smoke" classname="auth.spec.js" time="2.801">
</testcase>
<testcase name="Authentication › Login Flow › should successfully login with valid credentials @smoke" classname="auth.spec.js" time="3.508">
</testcase>
<testcase name="Authentication › Login Flow › should show error message with invalid credentials" classname="auth.spec.js" time="7.739">
<system-out>
<![CDATA[Expecting auth error message: [1mnull[22m for form: login
]]>
</system-out>
</testcase>
<testcase name="Authentication › Login Flow › should validate required fields" classname="auth.spec.js" time="2.547">
</testcase>
<testcase name="Authentication › Login Flow › should handle keyboard navigation" classname="auth.spec.js" time="5.745">
</testcase>
<testcase name="Authentication › Registration Flow › should toggle to registration form" classname="auth.spec.js" time="2.49">
</testcase>
<testcase name="Authentication › Registration Flow › should toggle back to login form" classname="auth.spec.js" time="2.833">
</testcase>
<testcase name="Authentication › Registration Flow › should register new user successfully" classname="auth.spec.js" time="13.317">
<failure message="auth.spec.js:124:9 should register new user successfully" type="FAILURE">
<![CDATA[  [Mobile Chrome] › auth.spec.js:124:9 › Authentication › Registration Flow › should register new user successfully 

    TimeoutError: page.waitForResponse: Timeout 10000ms exceeded while waiting for event "response"

       at ../utils/auth-helper.js:118

      116 |    */
      117 |   async submitRegistration() {
    > 118 |     const responsePromise = this.page.waitForResponse(
          |                                       ^
      119 |       response => response.url().includes('/api/v1/users/register')
      120 |     );
      121 |     await this.page.click('#register-btn');
        at AuthHelper.submitRegistration (/home/snarky404/githubRepos/PIM_project/e2e/utils/auth-helper.js:118:39)
        at AuthHelper.register (/home/snarky404/githubRepos/PIM_project/e2e/utils/auth-helper.js:132:23)
        at /home/snarky404/githubRepos/PIM_project/e2e/tests/auth.spec.js:127:24

    attachment #1: screenshot (image/png) ──────────────────────────────────────────────────────────
    ../test-results/auth-Authentication-Regist-649b6-ister-new-user-successfully-Mobile-Chrome/test-failed-1.png
    ────────────────────────────────────────────────────────────────────────────────────────────────

    attachment #2: video (video/webm) ──────────────────────────────────────────────────────────────
    ../test-results/auth-Authentication-Regist-649b6-ister-new-user-successfully-Mobile-Chrome/video.webm
    ────────────────────────────────────────────────────────────────────────────────────────────────

    Error Context: ../test-results/auth-Authentication-Regist-649b6-ister-new-user-successfully-Mobile-Chrome/error-context.md
]]>
</failure>
<system-out>
<![CDATA[
[[ATTACHMENT|test-results/auth-Authentication-Regist-649b6-ister-new-user-successfully-Mobile-Chrome/test-failed-1.png]]

[[ATTACHMENT|test-results/auth-Authentication-Regist-649b6-ister-new-user-successfully-Mobile-Chrome/video.webm]]

[[ATTACHMENT|test-results/auth-Authentication-Regist-649b6-ister-new-user-successfully-Mobile-Chrome/error-context.md]]
]]>
</system-out>
</testcase>
<testcase name="Authentication › Registration Flow › should prevent registration with existing username" classname="auth.spec.js" time="13.293">
<failure message="auth.spec.js:138:9 should prevent registration with existing username" type="FAILURE">
<![CDATA[  [Mobile Chrome] › auth.spec.js:138:9 › Authentication › Registration Flow › should prevent registration with existing username 

    TimeoutError: page.waitForResponse: Timeout 10000ms exceeded while waiting for event "response"

       at ../utils/auth-helper.js:118

      116 |    */
      117 |   async submitRegistration() {
    > 118 |     const responsePromise = this.page.waitForResponse(
          |                                       ^
      119 |       response => response.url().includes('/api/v1/users/register')
      120 |     );
      121 |     await this.page.click('#register-btn');
        at AuthHelper.submitRegistration (/home/snarky404/githubRepos/PIM_project/e2e/utils/auth-helper.js:118:39)
        at AuthHelper.register (/home/snarky404/githubRepos/PIM_project/e2e/utils/auth-helper.js:132:23)
        at /home/snarky404/githubRepos/PIM_project/e2e/tests/auth.spec.js:140:24

    attachment #1: screenshot (image/png) ──────────────────────────────────────────────────────────
    ../test-results/auth-Authentication-Regist-62783-tion-with-existing-username-Mobile-Chrome/test-failed-1.png
    ────────────────────────────────────────────────────────────────────────────────────────────────

    attachment #2: video (video/webm) ──────────────────────────────────────────────────────────────
    ../test-results/auth-Authentication-Regist-62783-tion-with-existing-username-Mobile-Chrome/video.webm
    ────────────────────────────────────────────────────────────────────────────────────────────────

    Error Context: ../test-results/auth-Authentication-Regist-62783-tion-with-existing-username-Mobile-Chrome/error-context.md
]]>
</failure>
<system-out>
<![CDATA[
[[ATTACHMENT|test-results/auth-Authentication-Regist-62783-tion-with-existing-username-Mobile-Chrome/test-failed-1.png]]

[[ATTACHMENT|test-results/auth-Authentication-Regist-62783-tion-with-existing-username-Mobile-Chrome/video.webm]]

[[ATTACHMENT|test-results/auth-Authentication-Regist-62783-tion-with-existing-username-Mobile-Chrome/error-context.md]]
]]>
</system-out>
</testcase>
<testcase name="Authentication › Registration Flow › should validate password requirements" classname="auth.spec.js" time="5.059">
</testcase>
<testcase name="Authentication › Session Management › should maintain session across page refreshes" classname="auth.spec.js" time="2.933">
</testcase>
<testcase name="Authentication › Session Management › should redirect unauthenticated users to login" classname="auth.spec.js" time="1.933">
</testcase>
<testcase name="Authentication › Session Management › should logout successfully" classname="auth.spec.js" time="5.458">
<system-out>
<![CDATA[Looking for logout button...
Found 1 logout buttons
Logout button is visible, clicking...
Attempting to call AuthManager.logout() directly...
Console messages: [
  [32m'AuthManager.logout found, calling it...'[39m,
  [32m'AuthManager.logout() called - clearing authentication...'[39m,
  [32m'Current token before logout: 7385be468da7b5b52f8b6c16ddc627ec30aaaee2000e5298acb19e030de64742'[39m,
  [32m'Current user before logout: null'[39m,
  [32m'Token after clearing: null'[39m,
  [32m'User after clearing: null'[39m,
  [32m'Authentication cleared, redirecting to login page...'[39m,
  [32m'Loaded module: /static/js/modules/security.js (1/9)'[39m,
  [32m'Loaded module: /static/js/modules/auth.js (2/9)'[39m,
  [32m'API baseUrl set to: http://localhost:8000/api/v1'[39m,
  [32m'Loaded module: /static/js/modules/api.js (3/9)'[39m,
  [32m'Loaded module: /static/js/modules/markdown.js (4/9)'[39m,
  [32m'DOM loaded, checking for login page elements...'[39m,
  [32m'Current pathname: /static/html/index.html'[39m,
  [32m'login-box element: JSHandle@node'[39m,
  [32m'register-box element: JSHandle@node'[39m,
  [32m'Initializing AuthController on login page'[39m,
  [32m'AuthController constructor called'[39m,
  [32m'Setting up event listeners'[39m,
  [32m'Show register element: JSHandle@node'[39m,
  [32m'Show login element: JSHandle@node'[39m,
  [32m'Login button: JSHandle@node'[39m,
  [32m'Register button: JSHandle@node'[39m,
  [32m'Setting up login button click handler'[39m,
  [32m'Loaded module: /static/js/modules/auth-controller.js (5/9)'[39m,
  [32m'Dashboard module loaded - starting execution'[39m,
  [32m'Loaded module: /static/js/modules/dashboard.js (6/9)'[39m,
  [32m'Loaded module: /static/js/modules/edit-controller.js (7/9)'[39m,
  [32m'Loaded module: /static/js/modules/view-controller.js (8/9)'[39m,
  [32m'Auth page initialized'[39m,
  [32m'PIM System v2.0.0 initialized successfully'[39m,
  [32m'Loaded module: /static/js/app-modular.js (9/9)'[39m,
  [32m'All modules loaded successfully!'[39m
]
After logout, current URL: http://localhost:8000/static/html/index.html
]]>
</system-out>
</testcase>
<testcase name="Authentication › Security Tests › should prevent XSS in login form" classname="auth.spec.js" time="3.639">
</testcase>
<testcase name="Authentication › Security Tests › should handle SQL injection attempts safely" classname="auth.spec.js" time="6.87">
</testcase>
<testcase name="Authentication › Accessibility › should be keyboard accessible @a11y" classname="auth.spec.js" time="1.977">
</testcase>
<testcase name="Authentication › Accessibility › should have proper ARIA labels and roles @a11y" classname="auth.spec.js" time="2.019">
</testcase>
</testsuite>
<testsuite name="crud.spec.js" timestamp="2025-09-15T13:03:47.885Z" hostname="Mobile Chrome" tests="16" failures="0" skipped="0" time="108.845" errors="0">
<testcase name="CRUD Operations › Create Operations › should create a new note @smoke" classname="crud.spec.js" time="5.613">
<system-out>
<![CDATA[Note saved via API
]]>
</system-out>
</testcase>
<testcase name="CRUD Operations › Create Operations › should validate required fields when creating note" classname="crud.spec.js" time="6.353">
</testcase>
<testcase name="CRUD Operations › Create Operations › should create notes in different PARA categories" classname="crud.spec.js" time="14.676">
</testcase>
<testcase name="CRUD Operations › Read Operations › should view note details @smoke" classname="crud.spec.js" time="5.082">
</testcase>
<testcase name="CRUD Operations › Read Operations › should display notes list with proper information" classname="crud.spec.js" time="4.696">
</testcase>
<testcase name="CRUD Operations › Read Operations › should search and filter notes" classname="crud.spec.js" time="5.681">
</testcase>
<testcase name="CRUD Operations › Update Operations › should edit existing note" classname="crud.spec.js" time="8.912">
</testcase>
<testcase name="CRUD Operations › Update Operations › should handle concurrent edit scenarios" classname="crud.spec.js" time="6.46">
</testcase>
<testcase name="CRUD Operations › Delete Operations › should delete a note with confirmation" classname="crud.spec.js" time="3.136">
<system-out>
<![CDATA[No delete buttons found, testing delete functionality not available
]]>
</system-out>
</testcase>
<testcase name="CRUD Operations › Delete Operations › should prevent accidental deletion" classname="crud.spec.js" time="3.862">
</testcase>
<testcase name="CRUD Operations › Delete Operations › should handle bulk delete operations" classname="crud.spec.js" time="6.207">
</testcase>
<testcase name="CRUD Operations › Data Validation and Error Handling › should validate note title length" classname="crud.spec.js" time="6.776">
</testcase>
<testcase name="CRUD Operations › Data Validation and Error Handling › should handle special characters in content" classname="crud.spec.js" time="7.691">
</testcase>
<testcase name="CRUD Operations › Data Validation and Error Handling › should handle network errors gracefully" classname="crud.spec.js" time="11.386">
</testcase>
<testcase name="CRUD Operations › Performance and Scalability › should handle large content efficiently" classname="crud.spec.js" time="5.9">
</testcase>
<testcase name="CRUD Operations › Performance and Scalability › should maintain performance with many notes" classname="crud.spec.js" time="6.414">
</testcase>
</testsuite>
<testsuite name="dashboard.spec.js" timestamp="2025-09-15T13:03:47.885Z" hostname="Mobile Chrome" tests="17" failures="0" skipped="0" time="127.585" errors="0">
<testcase name="Dashboard and Navigation › Dashboard Layout and Elements › should display dashboard with all key elements @smoke" classname="dashboard.spec.js" time="5.601">
</testcase>
<testcase name="Dashboard and Navigation › Dashboard Layout and Elements › should display PARA categories" classname="dashboard.spec.js" time="6.644">
</testcase>
<testcase name="Dashboard and Navigation › Dashboard Layout and Elements › should be responsive on different screen sizes" classname="dashboard.spec.js" time="5.628">
</testcase>
<testcase name="Dashboard and Navigation › Navigation Between Pages › should navigate to edit page @smoke" classname="dashboard.spec.js" time="7.046">
</testcase>
<testcase name="Dashboard and Navigation › Navigation Between Pages › should navigate to view page" classname="dashboard.spec.js" time="6.48">
</testcase>
<testcase name="Dashboard and Navigation › Navigation Between Pages › should maintain authentication across page navigation" classname="dashboard.spec.js" time="5.906">
</testcase>
<testcase name="Dashboard and Navigation › Navigation Between Pages › should handle browser back/forward navigation" classname="dashboard.spec.js" time="8.111">
</testcase>
<testcase name="Dashboard and Navigation › Search and Filter Functionality › should search for notes if search functionality exists" classname="dashboard.spec.js" time="7.712">
</testcase>
<testcase name="Dashboard and Navigation › Search and Filter Functionality › should filter by PARA categories if filter exists" classname="dashboard.spec.js" time="7.299">
</testcase>
<testcase name="Dashboard and Navigation › Notes/Items Display › should display existing notes if any exist" classname="dashboard.spec.js" time="7.145">
</testcase>
<testcase name="Dashboard and Navigation › Notes/Items Display › should handle empty state gracefully" classname="dashboard.spec.js" time="6.976">
</testcase>
<testcase name="Dashboard and Navigation › Notes/Items Display › should interact with note items if they exist" classname="dashboard.spec.js" time="6.081">
</testcase>
<testcase name="Dashboard and Navigation › User Experience Features › should show loading states appropriately" classname="dashboard.spec.js" time="9.375">
</testcase>
<testcase name="Dashboard and Navigation › User Experience Features › should handle errors gracefully" classname="dashboard.spec.js" time="12.868">
</testcase>
<testcase name="Dashboard and Navigation › User Experience Features › should be accessible with keyboard navigation @a11y" classname="dashboard.spec.js" time="7.976">
</testcase>
<testcase name="Dashboard and Navigation › Performance › should load dashboard within acceptable time @performance" classname="dashboard.spec.js" time="9.201">
<system-out>
<![CDATA[Dashboard loaded in 1458ms
]]>
</system-out>
</testcase>
<testcase name="Dashboard and Navigation › Performance › should handle large datasets gracefully" classname="dashboard.spec.js" time="7.536">
<system-out>
<![CDATA[Performance metrics: {
  memory: { usedJSHeapSize: [33m10000000[39m, totalJSHeapSize: [33m10000000[39m },
  timing: {
    connectStart: [33m1757941580422[39m,
    secureConnectionStart: [33m0[39m,
    unloadEventEnd: [33m1757941580466[39m,
    domainLookupStart: [33m1757941580422[39m,
    domainLookupEnd: [33m1757941580422[39m,
    responseStart: [33m1757941580461[39m,
    connectEnd: [33m1757941580422[39m,
    responseEnd: [33m1757941580532[39m,
    requestStart: [33m1757941580424[39m,
    domLoading: [33m1757941580469[39m,
    redirectStart: [33m0[39m,
    loadEventEnd: [33m1757941580680[39m,
    domComplete: [33m1757941580679[39m,
    navigationStart: [33m1757941580414[39m,
    loadEventStart: [33m1757941580679[39m,
    domContentLoadedEventEnd: [33m1757941580536[39m,
    unloadEventStart: [33m1757941580466[39m,
    redirectEnd: [33m0[39m,
    domInteractive: [33m1757941580534[39m,
    fetchStart: [33m1757941580422[39m,
    domContentLoadedEventStart: [33m1757941580534[39m
  }
}
]]>
</system-out>
</testcase>
</testsuite>
<testsuite name="auth.spec.js" timestamp="2025-09-15T13:03:47.885Z" hostname="Mobile Safari" tests="17" failures="2" skipped="0" time="120.444" errors="0">
<testcase name="Authentication › Login Flow › should display login form on initial load @smoke" classname="auth.spec.js" time="3.708">
</testcase>
<testcase name="Authentication › Login Flow › should successfully login with valid credentials @smoke" classname="auth.spec.js" time="6.411">
</testcase>
<testcase name="Authentication › Login Flow › should show error message with invalid credentials" classname="auth.spec.js" time="9.192">
<system-out>
<![CDATA[Expecting auth error message: [1mnull[22m for form: login
]]>
</system-out>
</testcase>
<testcase name="Authentication › Login Flow › should validate required fields" classname="auth.spec.js" time="4.654">
</testcase>
<testcase name="Authentication › Login Flow › should handle keyboard navigation" classname="auth.spec.js" time="11.549">
</testcase>
<testcase name="Authentication › Registration Flow › should toggle to registration form" classname="auth.spec.js" time="3.754">
</testcase>
<testcase name="Authentication › Registration Flow › should toggle back to login form" classname="auth.spec.js" time="4.537">
</testcase>
<testcase name="Authentication › Registration Flow › should register new user successfully" classname="auth.spec.js" time="15.678">
<failure message="auth.spec.js:124:9 should register new user successfully" type="FAILURE">
<![CDATA[  [Mobile Safari] › auth.spec.js:124:9 › Authentication › Registration Flow › should register new user successfully 

    TimeoutError: page.waitForResponse: Timeout 10000ms exceeded while waiting for event "response"

       at ../utils/auth-helper.js:118

      116 |    */
      117 |   async submitRegistration() {
    > 118 |     const responsePromise = this.page.waitForResponse(
          |                                       ^
      119 |       response => response.url().includes('/api/v1/users/register')
      120 |     );
      121 |     await this.page.click('#register-btn');
        at AuthHelper.submitRegistration (/home/snarky404/githubRepos/PIM_project/e2e/utils/auth-helper.js:118:39)
        at AuthHelper.register (/home/snarky404/githubRepos/PIM_project/e2e/utils/auth-helper.js:132:23)
        at /home/snarky404/githubRepos/PIM_project/e2e/tests/auth.spec.js:127:24

    attachment #1: screenshot (image/png) ──────────────────────────────────────────────────────────
    ../test-results/auth-Authentication-Regist-649b6-ister-new-user-successfully-Mobile-Safari/test-failed-1.png
    ────────────────────────────────────────────────────────────────────────────────────────────────

    attachment #2: video (video/webm) ──────────────────────────────────────────────────────────────
    ../test-results/auth-Authentication-Regist-649b6-ister-new-user-successfully-Mobile-Safari/video.webm
    ────────────────────────────────────────────────────────────────────────────────────────────────

    Error Context: ../test-results/auth-Authentication-Regist-649b6-ister-new-user-successfully-Mobile-Safari/error-context.md
]]>
</failure>
<system-out>
<![CDATA[
[[ATTACHMENT|test-results/auth-Authentication-Regist-649b6-ister-new-user-successfully-Mobile-Safari/test-failed-1.png]]

[[ATTACHMENT|test-results/auth-Authentication-Regist-649b6-ister-new-user-successfully-Mobile-Safari/video.webm]]

[[ATTACHMENT|test-results/auth-Authentication-Regist-649b6-ister-new-user-successfully-Mobile-Safari/error-context.md]]
]]>
</system-out>
</testcase>
<testcase name="Authentication › Registration Flow › should prevent registration with existing username" classname="auth.spec.js" time="15.077">
<failure message="auth.spec.js:138:9 should prevent registration with existing username" type="FAILURE">
<![CDATA[  [Mobile Safari] › auth.spec.js:138:9 › Authentication › Registration Flow › should prevent registration with existing username 

    TimeoutError: page.waitForResponse: Timeout 10000ms exceeded while waiting for event "response"

       at ../utils/auth-helper.js:118

      116 |    */
      117 |   async submitRegistration() {
    > 118 |     const responsePromise = this.page.waitForResponse(
          |                                       ^
      119 |       response => response.url().includes('/api/v1/users/register')
      120 |     );
      121 |     await this.page.click('#register-btn');
        at AuthHelper.submitRegistration (/home/snarky404/githubRepos/PIM_project/e2e/utils/auth-helper.js:118:39)
        at AuthHelper.register (/home/snarky404/githubRepos/PIM_project/e2e/utils/auth-helper.js:132:23)
        at /home/snarky404/githubRepos/PIM_project/e2e/tests/auth.spec.js:140:24

    attachment #1: screenshot (image/png) ──────────────────────────────────────────────────────────
    ../test-results/auth-Authentication-Regist-62783-tion-with-existing-username-Mobile-Safari/test-failed-1.png
    ────────────────────────────────────────────────────────────────────────────────────────────────

    attachment #2: video (video/webm) ──────────────────────────────────────────────────────────────
    ../test-results/auth-Authentication-Regist-62783-tion-with-existing-username-Mobile-Safari/video.webm
    ────────────────────────────────────────────────────────────────────────────────────────────────

    Error Context: ../test-results/auth-Authentication-Regist-62783-tion-with-existing-username-Mobile-Safari/error-context.md
]]>
</failure>
<system-out>
<![CDATA[
[[ATTACHMENT|test-results/auth-Authentication-Regist-62783-tion-with-existing-username-Mobile-Safari/test-failed-1.png]]

[[ATTACHMENT|test-results/auth-Authentication-Regist-62783-tion-with-existing-username-Mobile-Safari/video.webm]]

[[ATTACHMENT|test-results/auth-Authentication-Regist-62783-tion-with-existing-username-Mobile-Safari/error-context.md]]
]]>
</system-out>
</testcase>
<testcase name="Authentication › Registration Flow › should validate password requirements" classname="auth.spec.js" time="6.945">
</testcase>
<testcase name="Authentication › Session Management › should maintain session across page refreshes" classname="auth.spec.js" time="4.992">
</testcase>
<testcase name="Authentication › Session Management › should redirect unauthenticated users to login" classname="auth.spec.js" time="4.439">
</testcase>
<testcase name="Authentication › Session Management › should logout successfully" classname="auth.spec.js" time="7.697">
<system-out>
<![CDATA[Looking for logout button...
Found 1 logout buttons
Logout button is visible, clicking...
Attempting to call AuthManager.logout() directly...
Console messages: [
  [32m'AuthManager.logout found, calling it...'[39m,
  [32m'AuthManager.logout() called - clearing authentication...'[39m,
  [32m'Current token before logout: 59f9f9298e58a91a2c86cb44deb08dcb7077083727e9c6dc1c36b2e0a7dc01b7'[39m,
  [32m'Current user before logout: null'[39m,
  [32m'Token after clearing: null'[39m,
  [32m'User after clearing: null'[39m,
  [32m'Authentication cleared, redirecting to login page...'[39m,
  [32m'Loaded module: /static/js/modules/security.js (1/9)'[39m,
  [32m'Loaded module: /static/js/modules/auth.js (2/9)'[39m,
  [32m'API baseUrl set to: http://localhost:8000/api/v1'[39m,
  [32m'Loaded module: /static/js/modules/api.js (3/9)'[39m,
  [32m'Loaded module: /static/js/modules/markdown.js (4/9)'[39m,
  [32m'DOM loaded, checking for login page elements...'[39m,
  [32m'Current pathname: /static/html/index.html'[39m,
  [32m'login-box element: JSHandle@node'[39m,
  [32m'register-box element: JSHandle@node'[39m,
  [32m'Initializing AuthController on login page'[39m,
  [32m'AuthController constructor called'[39m,
  [32m'Setting up event listeners'[39m,
  [32m'Show register element: JSHandle@node'[39m,
  [32m'Show login element: JSHandle@node'[39m,
  [32m'Login button: JSHandle@node'[39m,
  [32m'Register button: JSHandle@node'[39m,
  [32m'Setting up login button click handler'[39m,
  [32m'Loaded module: /static/js/modules/auth-controller.js (5/9)'[39m,
  [32m'Dashboard module loaded - starting execution'[39m,
  [32m'Loaded module: /static/js/modules/dashboard.js (6/9)'[39m,
  [32m'Loaded module: /static/js/modules/edit-controller.js (7/9)'[39m,
  [32m'Loaded module: /static/js/modules/view-controller.js (8/9)'[39m,
  [32m'Auth page initialized'[39m,
  [32m'PIM System v2.0.0 initialized successfully'[39m,
  [32m'Loaded module: /static/js/app-modular.js (9/9)'[39m,
  [32m'All modules loaded successfully!'[39m
]
After logout, current URL: http://localhost:8000/static/html/index.html
]]>
</system-out>
</testcase>
<testcase name="Authentication › Security Tests › should prevent XSS in login form" classname="auth.spec.js" time="6.609">
</testcase>
<testcase name="Authentication › Security Tests › should handle SQL injection attempts safely" classname="auth.spec.js" time="8.597">
</testcase>
<testcase name="Authentication › Accessibility › should be keyboard accessible @a11y" classname="auth.spec.js" time="3.328">
</testcase>
<testcase name="Authentication › Accessibility › should have proper ARIA labels and roles @a11y" classname="auth.spec.js" time="3.277">
</testcase>
</testsuite>
<testsuite name="crud.spec.js" timestamp="2025-09-15T13:03:47.885Z" hostname="Mobile Safari" tests="16" failures="1" skipped="0" time="145.697" errors="0">
<testcase name="CRUD Operations › Create Operations › should create a new note @smoke" classname="crud.spec.js" time="7.457">
<system-out>
<![CDATA[Note saved via API
]]>
</system-out>
</testcase>
<testcase name="CRUD Operations › Create Operations › should validate required fields when creating note" classname="crud.spec.js" time="8.401">
</testcase>
<testcase name="CRUD Operations › Create Operations › should create notes in different PARA categories" classname="crud.spec.js" time="17.763">
</testcase>
<testcase name="CRUD Operations › Read Operations › should view note details @smoke" classname="crud.spec.js" time="6.256">
</testcase>
<testcase name="CRUD Operations › Read Operations › should display notes list with proper information" classname="crud.spec.js" time="6.028">
</testcase>
<testcase name="CRUD Operations › Read Operations › should search and filter notes" classname="crud.spec.js" time="7.184">
</testcase>
<testcase name="CRUD Operations › Update Operations › should edit existing note" classname="crud.spec.js" time="11.248">
</testcase>
<testcase name="CRUD Operations › Update Operations › should handle concurrent edit scenarios" classname="crud.spec.js" time="9.82">
</testcase>
<testcase name="CRUD Operations › Delete Operations › should delete a note with confirmation" classname="crud.spec.js" time="4.54">
<system-out>
<![CDATA[No delete buttons found, testing delete functionality not available
]]>
</system-out>
</testcase>
<testcase name="CRUD Operations › Delete Operations › should prevent accidental deletion" classname="crud.spec.js" time="18.794">
<failure message="crud.spec.js:412:9 should prevent accidental deletion" type="FAILURE">
<![CDATA[  [Mobile Safari] › crud.spec.js:412:9 › CRUD Operations › Delete Operations › should prevent accidental deletion 

    TimeoutError: locator.click: Timeout 10000ms exceeded.
    Call log:
      - waiting for locator('.delete-btn, .btn-danger, button:has-text("Delete")').first()
        - locator resolved to <button data-test-id="delete" onclick="confirmDelete(this)" class="btn btn-danger delete-btn">Delete</button>
      - attempting click action
        - waiting for element to be visible, enabled and stable
      - element was detached from the DOM, retrying


      423 |         });
      424 |         
    > 425 |         await deleteButton.click();
          |                            ^
      426 |         await page.waitForTimeout(1000);
      427 |         
      428 |         // Item should still exist (deletion was cancelled)
        at /home/snarky404/githubRepos/PIM_project/e2e/tests/crud.spec.js:425:28

    attachment #1: screenshot (image/png) ──────────────────────────────────────────────────────────
    ../test-results/crud-CRUD-Operations-Delet-bc98c-prevent-accidental-deletion-Mobile-Safari/test-failed-1.png
    ────────────────────────────────────────────────────────────────────────────────────────────────

    attachment #2: video (video/webm) ──────────────────────────────────────────────────────────────
    ../test-results/crud-CRUD-Operations-Delet-bc98c-prevent-accidental-deletion-Mobile-Safari/video.webm
    ────────────────────────────────────────────────────────────────────────────────────────────────

    Error Context: ../test-results/crud-CRUD-Operations-Delet-bc98c-prevent-accidental-deletion-Mobile-Safari/error-context.md
]]>
</failure>
<system-out>
<![CDATA[
[[ATTACHMENT|test-results/crud-CRUD-Operations-Delet-bc98c-prevent-accidental-deletion-Mobile-Safari/test-failed-1.png]]

[[ATTACHMENT|test-results/crud-CRUD-Operations-Delet-bc98c-prevent-accidental-deletion-Mobile-Safari/video.webm]]

[[ATTACHMENT|test-results/crud-CRUD-Operations-Delet-bc98c-prevent-accidental-deletion-Mobile-Safari/error-context.md]]
]]>
</system-out>
</testcase>
<testcase name="CRUD Operations › Delete Operations › should handle bulk delete operations" classname="crud.spec.js" time="6.124">
</testcase>
<testcase name="CRUD Operations › Data Validation and Error Handling › should validate note title length" classname="crud.spec.js" time="7.536">
</testcase>
<testcase name="CRUD Operations › Data Validation and Error Handling › should handle special characters in content" classname="crud.spec.js" time="8.182">
</testcase>
<testcase name="CRUD Operations › Data Validation and Error Handling › should handle network errors gracefully" classname="crud.spec.js" time="14.03">
</testcase>
<testcase name="CRUD Operations › Performance and Scalability › should handle large content efficiently" classname="crud.spec.js" time="4.856">
</testcase>
<testcase name="CRUD Operations › Performance and Scalability › should maintain performance with many notes" classname="crud.spec.js" time="7.478">
</testcase>
</testsuite>
[...]
<testcase name="Dashboard and Navigation › Dashboard Layout and Elements › should display dashboard with all key elements @smoke" classname="dashboard.spec.js" time="5.418">
</testcase>
<testcase name="Dashboard and Navigation › Dashboard Layout and Elements › should display PARA categories" classname="dashboard.spec.js" time="6.884">
</testcase>
<testcase name="Dashboard and Navigation › Dashboard Layout and Elements › should be responsive on different screen sizes" classname="dashboard.spec.js" time="7.42">
</testcase>
<testcase name="Dashboard and Navigation › Navigation Between Pages › should navigate to edit page @smoke" classname="dashboard.spec.js" time="8.437">
</testcase>
<testcase name="Dashboard and Navigation › Navigation Between Pages › should navigate to view page" classname="dashboard.spec.js" time="10.001">
</testcase>
<testcase name="Dashboard and Navigation › Navigation Between Pages › should maintain authentication across page navigation" classname="dashboard.spec.js" time="8.938">
</testcase>
<testcase name="Dashboard and Navigation › Navigation Between Pages › should handle browser back/forward navigation" classname="dashboard.spec.js" time="6.851">
</testcase>
<testcase name="Dashboard and Navigation › Search and Filter Functionality › should search for notes if search functionality exists" classname="dashboard.spec.js" time="7.096">
</testcase>
<testcase name="Dashboard and Navigation › Search and Filter Functionality › should filter by PARA categories if filter exists" classname="dashboard.spec.js" time="6.177">
</testcase>
<testcase name="Dashboard and Navigation › Notes/Items Display › should display existing notes if any exist" classname="dashboard.spec.js" time="7.227">
</testcase>
<testcase name="Dashboard and Navigation › Notes/Items Display › should handle empty state gracefully" classname="dashboard.spec.js" time="6.271">
</testcase>
<testcase name="Dashboard and Navigation › Notes/Items Display › should interact with note items if they exist" classname="dashboard.spec.js" time="5.265">
</testcase>
<testcase name="Dashboard and Navigation › User Experience Features › should show loading states appropriately" classname="dashboard.spec.js" time="8.358">
</testcase>
<testcase name="Dashboard and Navigation › User Experience Features › should handle errors gracefully" classname="dashboard.spec.js" time="12.233">
</testcase>
<testcase name="Dashboard and Navigation › User Experience Features › should be accessible with keyboard navigation @a11y" classname="dashboard.spec.js" time="5.166">
</testcase>
<testcase name="Dashboard and Navigation › Performance › should load dashboard within acceptable time @performance" classname="dashboard.spec.js" time="7.163">
<system-out>
<![CDATA[Dashboard loaded in 1478ms
]]>
</system-out>
</testcase>
<testcase name="Dashboard and Navigation › Performance › should handle large datasets gracefully" classname="dashboard.spec.js" time="6.039">
<system-out>
<![CDATA[Performance metrics: {
  memory: [1mnull[22m,
  timing: {
    navigationStart: [33m1757941619899[39m,
    unloadEventStart: [33m1757941620473[39m,
    unloadEventEnd: [33m1757941620473[39m,
    redirectStart: [33m0[39m,
    redirectEnd: [33m0[39m,
    fetchStart: [33m1757941619918[39m,
    domainLookupStart: [33m1757941619918[39m,
    domainLookupEnd: [33m1757941619918[39m,
    connectStart: [33m1757941619918[39m,
    connectEnd: [33m1757941619918[39m,
    secureConnectionStart: [33m0[39m,
    requestStart: [33m1757941619920[39m,
    responseStart: [33m1757941620445[39m,
    responseEnd: [33m1757941620445[39m,
    domLoading: [33m1757941620477[39m,
    domInteractive: [33m1757941620488[39m,
    domContentLoadedEventStart: [33m1757941620488[39m,
    domContentLoadedEventEnd: [33m1757941620492[39m,
    domComplete: [33m1757941620590[39m,
    loadEventStart: [33m1757941620590[39m,
    loadEventEnd: [33m1757941620590[39m
  }
}
]]>
</system-out>
</testcase>
</testsuite>
<testsuite name="auth.spec.js" timestamp="2025-09-15T13:03:47.885Z" hostname="Tablet" tests="17" failures="2" skipped="0" time="91.546" errors="0">
<testcase name="Authentication › Login Flow › should display login form on initial load @smoke" classname="auth.spec.js" time="4.283">
</testcase>
<testcase name="Authentication › Login Flow › should successfully login with valid credentials @smoke" classname="auth.spec.js" time="5.346">
</testcase>
<testcase name="Authentication › Login Flow › should show error message with invalid credentials" classname="auth.spec.js" time="8.876">
<system-out>
<![CDATA[Expecting auth error message: [1mnull[22m for form: login
]]>
</system-out>
</testcase>
<testcase name="Authentication › Login Flow › should validate required fields" classname="auth.spec.js" time="2.171">
</testcase>
<testcase name="Authentication › Login Flow › should handle keyboard navigation" classname="auth.spec.js" time="6.056">
</testcase>
<testcase name="Authentication › Registration Flow › should toggle to registration form" classname="auth.spec.js" time="2.663">
</testcase>
<testcase name="Authentication › Registration Flow › should toggle back to login form" classname="auth.spec.js" time="2.763">
</testcase>
<testcase name="Authentication › Registration Flow › should register new user successfully" classname="auth.spec.js" time="13.628">
<failure message="auth.spec.js:124:9 should register new user successfully" type="FAILURE">
<![CDATA[  [Tablet] › auth.spec.js:124:9 › Authentication › Registration Flow › should register new user successfully 

    TimeoutError: page.waitForResponse: Timeout 10000ms exceeded while waiting for event "response"

       at ../utils/auth-helper.js:118

      116 |    */
      117 |   async submitRegistration() {
    > 118 |     const responsePromise = this.page.waitForResponse(
          |                                       ^
      119 |       response => response.url().includes('/api/v1/users/register')
      120 |     );
      121 |     await this.page.click('#register-btn');
        at AuthHelper.submitRegistration (/home/snarky404/githubRepos/PIM_project/e2e/utils/auth-helper.js:118:39)
        at AuthHelper.register (/home/snarky404/githubRepos/PIM_project/e2e/utils/auth-helper.js:132:23)
        at /home/snarky404/githubRepos/PIM_project/e2e/tests/auth.spec.js:127:24

    attachment #1: screenshot (image/png) ──────────────────────────────────────────────────────────
    ../test-results/auth-Authentication-Regist-649b6-ister-new-user-successfully-Tablet/test-failed-1.png
    ────────────────────────────────────────────────────────────────────────────────────────────────

    attachment #2: video (video/webm) ──────────────────────────────────────────────────────────────
    ../test-results/auth-Authentication-Regist-649b6-ister-new-user-successfully-Tablet/video.webm
    ────────────────────────────────────────────────────────────────────────────────────────────────

    Error Context: ../test-results/auth-Authentication-Regist-649b6-ister-new-user-successfully-Tablet/error-context.md
]]>
</failure>
<system-out>
<![CDATA[
[[ATTACHMENT|test-results/auth-Authentication-Regist-649b6-ister-new-user-successfully-Tablet/test-failed-1.png]]

[[ATTACHMENT|test-results/auth-Authentication-Regist-649b6-ister-new-user-successfully-Tablet/video.webm]]

[[ATTACHMENT|test-results/auth-Authentication-Regist-649b6-ister-new-user-successfully-Tablet/error-context.md]]
]]>
</system-out>
</testcase>
<testcase name="Authentication › Registration Flow › should prevent registration with existing username" classname="auth.spec.js" time="13.148">
<failure message="auth.spec.js:138:9 should prevent registration with existing username" type="FAILURE">
<![CDATA[  [Tablet] › auth.spec.js:138:9 › Authentication › Registration Flow › should prevent registration with existing username 

    TimeoutError: page.waitForResponse: Timeout 10000ms exceeded while waiting for event "response"

       at ../utils/auth-helper.js:118

      116 |    */
      117 |   async submitRegistration() {
    > 118 |     const responsePromise = this.page.waitForResponse(
          |                                       ^
      119 |       response => response.url().includes('/api/v1/users/register')
      120 |     );
      121 |     await this.page.click('#register-btn');
        at AuthHelper.submitRegistration (/home/snarky404/githubRepos/PIM_project/e2e/utils/auth-helper.js:118:39)
        at AuthHelper.register (/home/snarky404/githubRepos/PIM_project/e2e/utils/auth-helper.js:132:23)
        at /home/snarky404/githubRepos/PIM_project/e2e/tests/auth.spec.js:140:24

    attachment #1: screenshot (image/png) ──────────────────────────────────────────────────────────
    ../test-results/auth-Authentication-Regist-62783-tion-with-existing-username-Tablet/test-failed-1.png
    ────────────────────────────────────────────────────────────────────────────────────────────────

    attachment #2: video (video/webm) ──────────────────────────────────────────────────────────────
    ../test-results/auth-Authentication-Regist-62783-tion-with-existing-username-Tablet/video.webm
    ────────────────────────────────────────────────────────────────────────────────────────────────

    Error Context: ../test-results/auth-Authentication-Regist-62783-tion-with-existing-username-Tablet/error-context.md
]]>
</failure>
<system-out>
<![CDATA[
[[ATTACHMENT|test-results/auth-Authentication-Regist-62783-tion-with-existing-username-Tablet/test-failed-1.png]]

[[ATTACHMENT|test-results/auth-Authentication-Regist-62783-tion-with-existing-username-Tablet/video.webm]]

[[ATTACHMENT|test-results/auth-Authentication-Regist-62783-tion-with-existing-username-Tablet/error-context.md]]
]]>
</system-out>
</testcase>
<testcase name="Authentication › Registration Flow › should validate password requirements" classname="auth.spec.js" time="6.133">
</testcase>
<testcase name="Authentication › Session Management › should maintain session across page refreshes" classname="auth.spec.js" time="3.637">
</testcase>
<testcase name="Authentication › Session Management › should redirect unauthenticated users to login" classname="auth.spec.js" time="2.47">
</testcase>
<testcase name="Authentication › Session Management › should logout successfully" classname="auth.spec.js" time="5.793">
<system-out>
<![CDATA[Looking for logout button...
Found 1 logout buttons
Logout button is visible, clicking...
Attempting to call AuthManager.logout() directly...
Console messages: [
  [32m'AuthManager.logout found, calling it...'[39m,
  [32m'AuthManager.logout() called - clearing authentication...'[39m,
  [32m'Current token before logout: 54b8f5414a171eef738c6a405a0d9df885ccc90a261ba5f64690b6bdfc9ca450'[39m,
  [32m'Current user before logout: null'[39m,
  [32m'Token after clearing: null'[39m,
  [32m'User after clearing: null'[39m,
  [32m'Authentication cleared, redirecting to login page...'[39m,
  [32m'Loaded module: /static/js/modules/security.js (1/9)'[39m,
  [32m'Loaded module: /static/js/modules/auth.js (2/9)'[39m,
  [32m'API baseUrl set to: http://localhost:8000/api/v1'[39m,
  [32m'Loaded module: /static/js/modules/api.js (3/9)'[39m,
  [32m'Loaded module: /static/js/modules/markdown.js (4/9)'[39m,
  [32m'DOM loaded, checking for login page elements...'[39m,
  [32m'Current pathname: /static/html/index.html'[39m,
  [32m'login-box element: JSHandle@node'[39m,
  [32m'register-box element: JSHandle@node'[39m,
  [32m'Initializing AuthController on login page'[39m,
  [32m'AuthController constructor called'[39m,
  [32m'Setting up event listeners'[39m,
  [32m'Show register element: JSHandle@node'[39m,
  [32m'Show login element: JSHandle@node'[39m,
  [32m'Login button: JSHandle@node'[39m,
  [32m'Register button: JSHandle@node'[39m,
  [32m'Setting up login button click handler'[39m,
  [32m'Loaded module: /static/js/modules/auth-controller.js (5/9)'[39m,
  [32m'Dashboard module loaded - starting execution'[39m,
  [32m'Loaded module: /static/js/modules/dashboard.js (6/9)'[39m,
  [32m'Loaded module: /static/js/modules/edit-controller.js (7/9)'[39m,
  [32m'Loaded module: /static/js/modules/view-controller.js (8/9)'[39m,
  [32m'Auth page initialized'[39m,
  [32m'PIM System v2.0.0 initialized successfully'[39m,
  [32m'Loaded module: /static/js/app-modular.js (9/9)'[39m,
  [32m'All modules loaded successfully!'[39m
]
After logout, current URL: http://localhost:8000/static/html/index.html
]]>
</system-out>
</testcase>
<testcase name="Authentication › Security Tests › should prevent XSS in login form" classname="auth.spec.js" time="4.268">
</testcase>
<testcase name="Authentication › Security Tests › should handle SQL injection attempts safely" classname="auth.spec.js" time="7.127">
</testcase>
<testcase name="Authentication › Accessibility › should be keyboard accessible @a11y" classname="auth.spec.js" time="1.698">
</testcase>
<testcase name="Authentication › Accessibility › should have proper ARIA labels and roles @a11y" classname="auth.spec.js" time="1.486">
</testcase>
</testsuite>
<testsuite name="crud.spec.js" timestamp="2025-09-15T13:03:47.885Z" hostname="Tablet" tests="16" failures="0" skipped="0" time="97.216" errors="0">
<testcase name="CRUD Operations › Create Operations › should create a new note @smoke" classname="crud.spec.js" time="7.347">
<system-out>
<![CDATA[Note saved via API
]]>
</system-out>
</testcase>
<testcase name="CRUD Operations › Create Operations › should validate required fields when creating note" classname="crud.spec.js" time="4.191">
</testcase>
<testcase name="CRUD Operations › Create Operations › should create notes in different PARA categories" classname="crud.spec.js" time="13.256">
</testcase>
<testcase name="CRUD Operations › Read Operations › should view note details @smoke" classname="crud.spec.js" time="3.03">
</testcase>
<testcase name="CRUD Operations › Read Operations › should display notes list with proper information" classname="crud.spec.js" time="4.762">
</testcase>
<testcase name="CRUD Operations › Read Operations › should search and filter notes" classname="crud.spec.js" time="5.517">
</testcase>
<testcase name="CRUD Operations › Update Operations › should edit existing note" classname="crud.spec.js" time="8.832">
</testcase>
<testcase name="CRUD Operations › Update Operations › should handle concurrent edit scenarios" classname="crud.spec.js" time="7.818">
</testcase>
<testcase name="CRUD Operations › Delete Operations › should delete a note with confirmation" classname="crud.spec.js" time="5.173">
<system-out>
<![CDATA[No delete buttons found, testing delete functionality not available
]]>
</system-out>
</testcase>
<testcase name="CRUD Operations › Delete Operations › should prevent accidental deletion" classname="crud.spec.js" time="4.387">
</testcase>
<testcase name="CRUD Operations › Delete Operations › should handle bulk delete operations" classname="crud.spec.js" time="3.764">
</testcase>
<testcase name="CRUD Operations › Data Validation and Error Handling › should validate note title length" classname="crud.spec.js" time="5.436">
</testcase>
<testcase name="CRUD Operations › Data Validation and Error Handling › should handle special characters in content" classname="crud.spec.js" time="5.233">
</testcase>
<testcase name="CRUD Operations › Data Validation and Error Handling › should handle network errors gracefully" classname="crud.spec.js" time="8.03">
</testcase>
<testcase name="CRUD Operations › Performance and Scalability › should handle large content efficiently" classname="crud.spec.js" time="5.406">
</testcase>
<testcase name="CRUD Operations › Performance and Scalability › should maintain performance with many notes" classname="crud.spec.js" time="5.034">
</testcase>
</testsuite>
<testsuite name="dashboard.spec.js" timestamp="2025-09-15T13:03:47.885Z" hostname="Tablet" tests="17" failures="0" skipped="0" time="101.851" errors="0">
<testcase name="Dashboard and Navigation › Dashboard Layout and Elements › should display dashboard with all key elements @smoke" classname="dashboard.spec.js" time="4.693">
</testcase>
<testcase name="Dashboard and Navigation › Dashboard Layout and Elements › should display PARA categories" classname="dashboard.spec.js" time="4.748">
</testcase>
<testcase name="Dashboard and Navigation › Dashboard Layout and Elements › should be responsive on different screen sizes" classname="dashboard.spec.js" time="5.735">
</testcase>
<testcase name="Dashboard and Navigation › Navigation Between Pages › should navigate to edit page @smoke" classname="dashboard.spec.js" time="6.28">
</testcase>
<testcase name="Dashboard and Navigation › Navigation Between Pages › should navigate to view page" classname="dashboard.spec.js" time="5.834">
</testcase>
<testcase name="Dashboard and Navigation › Navigation Between Pages › should maintain authentication across page navigation" classname="dashboard.spec.js" time="5.657">
</testcase>
<testcase name="Dashboard and Navigation › Navigation Between Pages › should handle browser back/forward navigation" classname="dashboard.spec.js" time="4.789">
</testcase>
<testcase name="Dashboard and Navigation › Search and Filter Functionality › should search for notes if search functionality exists" classname="dashboard.spec.js" time="7.041">
</testcase>
<testcase name="Dashboard and Navigation › Search and Filter Functionality › should filter by PARA categories if filter exists" classname="dashboard.spec.js" time="6.167">
</testcase>
<testcase name="Dashboard and Navigation › Notes/Items Display › should display existing notes if any exist" classname="dashboard.spec.js" time="6.176">
</testcase>
<testcase name="Dashboard and Navigation › Notes/Items Display › should handle empty state gracefully" classname="dashboard.spec.js" time="6.112">
</testcase>
<testcase name="Dashboard and Navigation › Notes/Items Display › should interact with note items if they exist" classname="dashboard.spec.js" time="5.778">
</testcase>
<testcase name="Dashboard and Navigation › User Experience Features › should show loading states appropriately" classname="dashboard.spec.js" time="6.387">
</testcase>
<testcase name="Dashboard and Navigation › User Experience Features › should handle errors gracefully" classname="dashboard.spec.js" time="9.319">
</testcase>
<testcase name="Dashboard and Navigation › User Experience Features › should be accessible with keyboard navigation @a11y" classname="dashboard.spec.js" time="5.665">
</testcase>
<testcase name="Dashboard and Navigation › Performance › should load dashboard within acceptable time @performance" classname="dashboard.spec.js" time="6.212">
<system-out>
<![CDATA[Dashboard loaded in 1052ms
]]>
</system-out>
</testcase>
<testcase name="Dashboard and Navigation › Performance › should handle large datasets gracefully" classname="dashboard.spec.js" time="5.258">
<system-out>
<![CDATA[Performance metrics: {
  memory: { usedJSHeapSize: [33m10000000[39m, totalJSHeapSize: [33m10000000[39m },
  timing: {
    connectStart: [33m1757941648274[39m,
    secureConnectionStart: [33m0[39m,
    unloadEventEnd: [33m1757941649623[39m,
    domainLookupStart: [33m1757941648274[39m,
    domainLookupEnd: [33m1757941648274[39m,
    responseStart: [33m1757941649620[39m,
    connectEnd: [33m1757941648274[39m,
    responseEnd: [33m1757941649671[39m,
    requestStart: [33m1757941648276[39m,
    domLoading: [33m1757941649625[39m,
    redirectStart: [33m0[39m,
    loadEventEnd: [33m1757941649708[39m,
    domComplete: [33m1757941649707[39m,
    navigationStart: [33m1757941648273[39m,
    loadEventStart: [33m1757941649707[39m,
    domContentLoadedEventEnd: [33m1757941649695[39m,
    unloadEventStart: [33m1757941649623[39m,
    redirectEnd: [33m0[39m,
    domInteractive: [33m1757941649694[39m,
    fetchStart: [33m1757941648274[39m,
    domContentLoadedEventStart: [33m1757941649694[39m
  }
}
]]>
</system-out>
</testcase>
</testsuite>
</testsuites>